<?xml version="1.0" encoding="UTF-8"?>
<testng-results ignored="0" total="6" passed="5" failed="1" skipped="0">
  <reporter-output>
  </reporter-output>
  <suite started-at="2022-09-14T20:44:07 IST" name="Default suite" finished-at="2022-09-14T20:44:08 IST" duration-ms="361">
    <groups>
    </groups>
    <test started-at="2022-09-14T20:44:07 IST" name="Default test" finished-at="2022-09-14T20:44:08 IST" duration-ms="361">
      <class name="TestPackage.KeywordsTest">
        <test-method is-config="true" signature="beforeClass1()[pri:0, instance:TestPackage.KeywordsTest@37d4349f]" started-at="2022-09-14T20:44:07 IST" name="beforeClass1" finished-at="2022-09-14T20:44:08 IST" duration-ms="25" status="PASS">
          <reporter-output>
          </reporter-output>
        </test-method> <!-- beforeClass1 -->
        <test-method is-config="true" signature="beforemethod1()[pri:0, instance:TestPackage.KeywordsTest@37d4349f]" started-at="2022-09-14T20:44:08 IST" name="beforemethod1" finished-at="2022-09-14T20:44:08 IST" duration-ms="1" status="PASS">
          <reporter-output>
          </reporter-output>
        </test-method> <!-- beforemethod1 -->
        <test-method signature="TestB()[pri:-1, instance:TestPackage.KeywordsTest@37d4349f]" started-at="2022-09-14T20:44:08 IST" name="TestB" finished-at="2022-09-14T20:44:08 IST" duration-ms="16" status="PASS">
          <reporter-output>
          </reporter-output>
        </test-method> <!-- TestB -->
        <test-method is-config="true" signature="Aftermethod1()[pri:0, instance:TestPackage.KeywordsTest@37d4349f]" started-at="2022-09-14T20:44:08 IST" name="Aftermethod1" finished-at="2022-09-14T20:44:08 IST" duration-ms="1" status="PASS">
          <reporter-output>
          </reporter-output>
        </test-method> <!-- Aftermethod1 -->
        <test-method is-config="true" signature="beforemethod1()[pri:0, instance:TestPackage.KeywordsTest@37d4349f]" started-at="2022-09-14T20:44:08 IST" name="beforemethod1" finished-at="2022-09-14T20:44:08 IST" duration-ms="0" status="PASS">
          <reporter-output>
          </reporter-output>
        </test-method> <!-- beforemethod1 -->
        <test-method signature="TestC()[pri:0, instance:TestPackage.KeywordsTest@37d4349f]" started-at="2022-09-14T20:44:08 IST" name="TestC" finished-at="2022-09-14T20:44:08 IST" duration-ms="4" status="PASS">
          <reporter-output>
          </reporter-output>
        </test-method> <!-- TestC -->
        <test-method is-config="true" signature="Aftermethod1()[pri:0, instance:TestPackage.KeywordsTest@37d4349f]" started-at="2022-09-14T20:44:08 IST" name="Aftermethod1" finished-at="2022-09-14T20:44:08 IST" duration-ms="5" status="PASS">
          <reporter-output>
          </reporter-output>
        </test-method> <!-- Aftermethod1 -->
        <test-method is-config="true" signature="beforemethod1()[pri:0, instance:TestPackage.KeywordsTest@37d4349f]" started-at="2022-09-14T20:44:08 IST" name="beforemethod1" finished-at="2022-09-14T20:44:08 IST" duration-ms="1" status="PASS">
          <reporter-output>
          </reporter-output>
        </test-method> <!-- beforemethod1 -->
        <test-method signature="TestA()[pri:0, instance:TestPackage.KeywordsTest@37d4349f]" started-at="2022-09-14T20:44:08 IST" name="TestA" finished-at="2022-09-14T20:44:08 IST" depends-on-methods="TestPackage.KeywordsTest.TestC" duration-ms="7" status="PASS">
          <reporter-output>
          </reporter-output>
        </test-method> <!-- TestA -->
        <test-method is-config="true" signature="Aftermethod1()[pri:0, instance:TestPackage.KeywordsTest@37d4349f]" started-at="2022-09-14T20:44:08 IST" name="Aftermethod1" finished-at="2022-09-14T20:44:08 IST" duration-ms="1" status="PASS">
          <reporter-output>
          </reporter-output>
        </test-method> <!-- Aftermethod1 -->
        <test-method is-config="true" signature="beforemethod1()[pri:0, instance:TestPackage.KeywordsTest@37d4349f]" started-at="2022-09-14T20:44:08 IST" name="beforemethod1" finished-at="2022-09-14T20:44:08 IST" duration-ms="0" status="PASS">
          <reporter-output>
          </reporter-output>
        </test-method> <!-- beforemethod1 -->
        <test-method signature="afterclass1()[pri:0, instance:TestPackage.KeywordsTest@37d4349f]" started-at="2022-09-14T20:44:08 IST" name="afterclass1" finished-at="2022-09-14T20:44:08 IST" duration-ms="8" status="PASS">
          <reporter-output>
          </reporter-output>
        </test-method> <!-- afterclass1 -->
        <test-method is-config="true" signature="Aftermethod1()[pri:0, instance:TestPackage.KeywordsTest@37d4349f]" started-at="2022-09-14T20:44:08 IST" name="Aftermethod1" finished-at="2022-09-14T20:44:08 IST" duration-ms="2" status="PASS">
          <reporter-output>
          </reporter-output>
        </test-method> <!-- Aftermethod1 -->
        <test-method is-config="true" signature="beforemethod1()[pri:0, instance:TestPackage.KeywordsTest@37d4349f]" started-at="2022-09-14T20:44:08 IST" name="beforemethod1" finished-at="2022-09-14T20:44:08 IST" duration-ms="0" status="PASS">
          <reporter-output>
          </reporter-output>
        </test-method> <!-- beforemethod1 -->
        <test-method signature="verifyHomePage()[pri:0, instance:TestPackage.KeywordsTest@37d4349f]" started-at="2022-09-14T20:44:08 IST" name="verifyHomePage" finished-at="2022-09-14T20:44:08 IST" duration-ms="33" status="FAIL">
          <exception class="java.lang.AssertionError">
            <message>
              <![CDATA[null]]>
            </message>
            <full-stacktrace>
              <![CDATA[java.lang.AssertionError: null
at org.testng.Assert.fail(Assert.java:99)
at org.testng.Assert.fail(Assert.java:106)
at TestPackage.KeywordsTest.verifyHomePage(KeywordsTest.java:41)
at java.base/jdk.internal.reflect.NativeMethodAccessorImpl.invoke0(Native Method)
at java.base/jdk.internal.reflect.NativeMethodAccessorImpl.invoke(NativeMethodAccessorImpl.java:77)
at java.base/jdk.internal.reflect.DelegatingMethodAccessorImpl.invoke(DelegatingMethodAccessorImpl.java:43)
at java.base/java.lang.reflect.Method.invoke(Method.java:568)
at org.testng.internal.MethodInvocationHelper.invokeMethod(MethodInvocationHelper.java:133)
at org.testng.internal.InvokeMethodRunnable.runOne(InvokeMethodRunnable.java:45)
at org.testng.internal.InvokeMethodRunnable.call(InvokeMethodRunnable.java:73)
at org.testng.internal.InvokeMethodRunnable.call(InvokeMethodRunnable.java:11)
at java.base/java.util.concurrent.FutureTask.run(FutureTask.java:264)
at java.base/java.util.concurrent.ThreadPoolExecutor.runWorker(ThreadPoolExecutor.java:1136)
at java.base/java.util.concurrent.ThreadPoolExecutor$Worker.run(ThreadPoolExecutor.java:635)
at java.base/java.lang.Thread.run(Thread.java:833)
]]>
            </full-stacktrace>
          </exception> <!-- java.lang.AssertionError -->
          <reporter-output>
          </reporter-output>
        </test-method> <!-- verifyHomePage -->
        <test-method is-config="true" signature="Aftermethod1()[pri:0, instance:TestPackage.KeywordsTest@37d4349f]" started-at="2022-09-14T20:44:08 IST" name="Aftermethod1" finished-at="2022-09-14T20:44:08 IST" duration-ms="1" status="PASS">
          <reporter-output>
          </reporter-output>
        </test-method> <!-- Aftermethod1 -->
        <test-method is-config="true" signature="beforemethod1()[pri:0, instance:TestPackage.KeywordsTest@37d4349f]" started-at="2022-09-14T20:44:08 IST" name="beforemethod1" finished-at="2022-09-14T20:44:08 IST" duration-ms="1" status="PASS">
          <reporter-output>
          </reporter-output>
        </test-method> <!-- beforemethod1 -->
        <test-method signature="verifyLoginFunctinallity()[pri:0, instance:TestPackage.KeywordsTest@37d4349f]" started-at="2022-09-14T20:44:08 IST" name="verifyLoginFunctinallity" finished-at="2022-09-14T20:44:08 IST" duration-ms="13" status="PASS">
          <reporter-output>
          </reporter-output>
        </test-method> <!-- verifyLoginFunctinallity -->
        <test-method is-config="true" signature="Aftermethod1()[pri:0, instance:TestPackage.KeywordsTest@37d4349f]" started-at="2022-09-14T20:44:08 IST" name="Aftermethod1" finished-at="2022-09-14T20:44:08 IST" duration-ms="2" status="PASS">
          <reporter-output>
          </reporter-output>
        </test-method> <!-- Aftermethod1 -->
        <test-method is-config="true" signature="afterclass1()[pri:0, instance:TestPackage.KeywordsTest@37d4349f]" started-at="2022-09-14T20:44:08 IST" name="afterclass1" finished-at="2022-09-14T20:44:08 IST" duration-ms="2" status="PASS">
          <reporter-output>
          </reporter-output>
        </test-method> <!-- afterclass1 -->
      </class> <!-- TestPackage.KeywordsTest -->
    </test> <!-- Default test -->
  </suite> <!-- Default suite -->
</testng-results>
